SF:lib\screens\generic_practice_screen.dart
DA:11,1
DA:13,1
DA:14,1
DA:24,1
DA:25,2
DA:26,1
DA:27,2
DA:28,1
DA:29,1
DA:30,1
DA:35,0
DA:36,0
DA:37,0
DA:39,0
DA:40,0
DA:41,0
DA:43,0
DA:44,0
DA:45,0
DA:49,0
DA:52,0
DA:53,0
DA:54,0
DA:57,0
DA:60,1
DA:62,1
DA:63,3
DA:66,1
DA:68,1
DA:70,1
DA:71,1
DA:73,0
DA:74,0
DA:77,1
DA:79,0
DA:80,0
DA:84,1
DA:86,1
DA:87,1
DA:88,1
DA:89,1
DA:91,1
DA:92,2
DA:93,3
DA:97,2
DA:98,0
DA:100,0
DA:101,1
DA:102,0
DA:103,0
DA:105,0
DA:108,1
DA:109,2
DA:110,0
DA:112,0
DA:113,0
DA:114,0
DA:115,0
DA:119,1
DA:120,1
DA:121,1
DA:122,4
DA:123,1
DA:124,1
DA:125,1
DA:126,0
DA:127,0
DA:131,1
LF:68
LH:38
end_of_record
SF:lib\services\shared_preferences_service.dart
DA:7,1
DA:8,1
DA:9,1
DA:12,1
DA:13,1
DA:14,2
DA:15,1
DA:19,3
DA:22,1
DA:23,1
DA:24,2
DA:27,3
DA:28,3
DA:29,3
DA:31,12
DA:34,3
DA:35,6
DA:37,3
DA:39,9
DA:41,1
LF:20
LH:20
end_of_record
SF:lib\services\quiz_service.dart
DA:12,15
DA:14,5
DA:15,5
DA:18,5
DA:21,5
DA:22,5
DA:26,4
DA:27,4
DA:28,4
DA:31,0
DA:34,0
DA:35,0
DA:37,0
DA:42,0
DA:47,1
DA:49,2
DA:50,1
DA:52,1
DA:55,2
DA:56,2
DA:58,3
DA:59,1
DA:62,1
DA:63,1
DA:64,2
DA:68,0
DA:69,0
DA:70,0
DA:71,0
DA:72,0
DA:73,0
DA:75,0
DA:76,0
DA:80,0
DA:84,3
DA:85,3
DA:86,3
DA:89,0
DA:90,0
DA:93,0
DA:94,0
DA:97,0
DA:103,1
DA:105,1
DA:107,2
DA:108,2
DA:109,1
DA:112,2
DA:113,3
DA:116,0
DA:121,4
DA:122,4
DA:137,3
DA:145,0
LF:54
LH:33
end_of_record
SF:lib\models\answer.dart
DA:4,5
DA:8,1
DA:9,1
LF:3
LH:3
end_of_record
SF:lib\models\quiz.dart
DA:8,5
DA:15,0
DA:16,0
DA:17,0
DA:18,0
DA:19,0
DA:20,0
LF:7
LH:1
end_of_record
SF:lib\screens\base_screen.dart
DA:8,4
DA:11,4
DA:13,4
DA:14,16
DA:15,8
LF:5
LH:5
end_of_record
SF:lib\models\topic.dart
DA:6,5
DA:12,0
DA:13,0
DA:14,0
DA:15,0
LF:5
LH:1
end_of_record
SF:lib\screens\statistics_screen.dart
DA:8,1
DA:10,1
DA:11,1
DA:18,1
DA:19,2
DA:21,2
DA:23,1
DA:26,2
DA:27,1
DA:28,3
DA:31,2
DA:32,1
DA:36,1
DA:37,2
DA:38,5
DA:41,1
DA:42,2
DA:43,1
DA:44,1
DA:49,1
DA:51,1
DA:52,1
DA:55,1
DA:57,1
DA:59,1
DA:60,2
DA:61,1
DA:62,0
DA:65,1
DA:67,3
DA:69,1
DA:70,3
DA:71,1
DA:72,2
DA:73,1
DA:75,3
DA:76,2
DA:77,1
DA:78,1
DA:79,1
DA:80,2
LF:41
LH:40
end_of_record
SF:lib\screens\home_screen.dart
DA:10,1
DA:12,1
DA:13,1
DA:19,1
DA:20,2
DA:21,1
DA:22,2
DA:23,1
DA:28,0
DA:29,0
DA:30,0
DA:31,0
DA:34,0
DA:35,0
DA:37,0
DA:38,0
DA:44,1
DA:46,1
DA:47,1
DA:50,1
DA:52,1
DA:54,2
DA:55,2
DA:56,1
DA:57,0
DA:58,0
DA:62,1
DA:63,0
DA:64,0
DA:65,0
DA:66,0
DA:72,1
DA:73,2
DA:74,1
DA:75,2
DA:76,1
DA:77,1
DA:78,4
DA:79,0
DA:80,0
LF:40
LH:24
end_of_record
SF:lib\screens\quiz_screen.dart
DA:11,1
DA:13,1
DA:14,1
DA:23,1
DA:24,4
DA:25,1
DA:26,2
DA:27,1
DA:28,1
DA:33,0
DA:34,0
DA:35,0
DA:37,0
DA:38,0
DA:39,0
DA:41,0
DA:42,0
DA:43,0
DA:47,1
DA:49,1
DA:50,1
DA:53,1
DA:55,1
DA:57,1
DA:58,1
DA:60,0
DA:61,0
DA:64,1
DA:66,0
DA:67,0
DA:71,1
DA:73,1
DA:74,1
DA:75,1
DA:76,1
DA:78,1
DA:79,2
DA:80,3
DA:84,2
DA:85,0
DA:87,0
DA:88,1
DA:89,0
DA:90,0
DA:92,0
DA:95,1
DA:96,2
DA:97,0
DA:99,0
DA:100,0
DA:101,0
DA:102,0
DA:106,1
DA:107,1
DA:108,1
DA:109,4
DA:110,1
DA:111,1
DA:112,1
DA:113,0
DA:114,0
DA:118,1
LF:62
LH:37
end_of_record
